<?xml version="1.0" encoding="UTF-8"?>
<!-- Generated by org.testng.reporters.JUnitReportReporter -->
<testsuite hostname="Geervani" failures="0" tests="7" name="com.Testcases.DemoblazeTestcase" time="48.784" errors="0" timestamp="2024-12-23T22:48:32 IST" skipped="0">
  <testcase classname="com.Testcases.DemoblazeTestcase" name="VerifySignUp" time="2.791"/>
  <system-out/>
  <testcase classname="com.Testcases.DemoblazeTestcase" name="VerifyLogin" time="13.031"/>
  <system-out/>
  <testcase classname="com.Testcases.DemoblazeTestcase" name="displayCategories" time="1.971"/>
  <system-out/>
  <testcase classname="com.Testcases.DemoblazeTestcase" name="selectLaptopAndAddToCart" time="9.071"/>
  <system-out/>
  <testcase classname="com.Testcases.DemoblazeTestcase" name="selectMonitorsAndAddToCart" time="5.931"/>
  <system-out/>
  <testcase classname="com.Testcases.DemoblazeTestcase" name="clickOnCart" time="8.043"/>
  <system-out/>
  <testcase classname="com.Testcases.DemoblazeTestcase" name="OrderDetails" time="7.946"/>
  <system-out/>
</testsuite> <!-- com.Testcases.DemoblazeTestcase -->
