<?xml version="1.0" encoding="UTF-8"?>
<!-- Generated by org.testng.reporters.JUnitReportReporter -->
<testsuite hostname="Geervani" failures="0" tests="1" name="com.ExcelTest.ExcelDataReading" time="1.290" errors="0" timestamp="2024-12-27T15:12:52 IST" skipped="0">
  <testcase classname="com.ExcelTest.ExcelDataReading" name="dataRead" time="1.290"/>
  <system-out/>
</testsuite> <!-- com.ExcelTest.ExcelDataReading -->
