<?xml version="1.0" encoding="UTF-8"?>
<!-- Generated by org.testng.reporters.JUnitReportReporter -->
<testsuite hostname="Geervani" failures="0" tests="10" name="com.RestApi.Contactlist" time="19.234" errors="0" timestamp="2024-12-20T20:01:53 IST" skipped="0">
  <testcase classname="com.RestApi.Contactlist" name="AddUser" time="6.072"/>
  <system-out/>
  <testcase classname="com.RestApi.Contactlist" name="UserProfile" time="1.206"/>
  <system-out/>
  <testcase classname="com.RestApi.Contactlist" name="UpdateUser" time="1.759"/>
  <system-out/>
  <testcase classname="com.RestApi.Contactlist" name="LogInUser" time="2.243"/>
  <system-out/>
  <testcase classname="com.RestApi.Contactlist" name="AddContact" time="1.239"/>
  <system-out/>
  <testcase classname="com.RestApi.Contactlist" name="GetContactList" time="1.211"/>
  <system-out/>
  <testcase classname="com.RestApi.Contactlist" name="GetContact" time="1.257"/>
  <system-out/>
  <testcase classname="com.RestApi.Contactlist" name="UpdateContact" time="1.241"/>
  <system-out/>
  <testcase classname="com.RestApi.Contactlist" name="Updatecontactpartial" time="1.798"/>
  <system-out/>
  <testcase classname="com.RestApi.Contactlist" name="LogoutUser" time="1.208"/>
  <system-out/>
</testsuite> <!-- com.RestApi.Contactlist -->
