<?xml version="1.0" encoding="UTF-8"?>
<!-- Generated by org.testng.reporters.JUnitReportReporter -->
<testsuite hostname="Geervani" failures="0" tests="7" name="com.TestCase.HrmTestcase" time="29.432" errors="0" timestamp="2024-12-27T21:16:45 IST" skipped="0">
  <testcase classname="com.TestCase.HrmTestcase" name="LanuchBrowser" time="9.029"/>
  <system-out/>
  <testcase classname="com.TestCase.HrmTestcase" name="doLogin" time="3.154"/>
  <system-out/>
  <testcase classname="com.TestCase.HrmTestcase" name="verifyAdmin" time="1.949"/>
  <system-out/>
  <testcase classname="com.TestCase.HrmTestcase" name="VerifySearchWithUsername" time="5.444"/>
  <system-out/>
  <testcase classname="com.TestCase.HrmTestcase" name="VerifySerchWithUserRole" time="4.165"/>
  <system-out/>
  <testcase classname="com.TestCase.HrmTestcase" name="VerifySerchWithUserStatus" time="3.483"/>
  <system-out/>
  <testcase classname="com.TestCase.HrmTestcase" name="logout" time="2.208"/>
  <system-out/>
</testsuite> <!-- com.TestCase.HrmTestcase -->
